mode: atomic
github.com/enrayga/omc-o2ims/internal/config/config.go:51.53,52.22 1 3
github.com/enrayga/omc-o2ims/internal/config/config.go:52.22,54.3 1 0
github.com/enrayga/omc-o2ims/internal/config/config.go:56.2,57.16 2 3
github.com/enrayga/omc-o2ims/internal/config/config.go:57.16,59.3 1 1
github.com/enrayga/omc-o2ims/internal/config/config.go:61.2,63.16 3 2
github.com/enrayga/omc-o2ims/internal/config/config.go:63.16,65.3 1 1
github.com/enrayga/omc-o2ims/internal/config/config.go:67.2,68.16 2 1
github.com/enrayga/omc-o2ims/internal/config/config.go:68.16,70.3 1 0
github.com/enrayga/omc-o2ims/internal/config/config.go:72.2,72.21 1 1
github.com/enrayga/omc-o2ims/internal/config/config.go:77.20,79.2 1 2
github.com/enrayga/omc-o2ims/internal/config/config.go:82.30,86.34 3 2
github.com/enrayga/omc-o2ims/internal/config/config.go:86.34,87.44 1 6
github.com/enrayga/omc-o2ims/internal/config/config.go:87.44,91.18 3 16
github.com/enrayga/omc-o2ims/internal/config/config.go:91.18,93.5 1 1
github.com/enrayga/omc-o2ims/internal/config/config.go:96.2,96.11 1 1
github.com/enrayga/omc-o2ims/internal/config/config.go:100.35,104.23 1 4
github.com/enrayga/omc-o2ims/internal/config/config.go:104.23,106.3 1 2
github.com/enrayga/omc-o2ims/internal/config/config.go:108.2,108.12 1 2
github.com/enrayga/omc-o2ims/internal/service/omc_rest/omc_rest_mock.go:38.53,40.2 1 0
github.com/enrayga/omc-o2ims/internal/service/omc_rest/omc_rest_mock.go:44.9,46.39 2 0
github.com/enrayga/omc-o2ims/internal/service/omc_rest/omc_rest_mock.go:46.39,48.3 1 0
github.com/enrayga/omc-o2ims/internal/service/omc_rest/omc_rest_mock.go:49.2,49.17 1 0
github.com/enrayga/omc-o2ims/internal/service/omc_rest/omc_rest_mock.go:54.9,57.39 2 0
github.com/enrayga/omc-o2ims/internal/service/omc_rest/omc_rest_mock.go:57.39,58.30 1 0
github.com/enrayga/omc-o2ims/internal/service/omc_rest/omc_rest_mock.go:58.30,63.9 4 0
github.com/enrayga/omc-o2ims/internal/service/omc_rest/omc_rest_mock.go:66.2,66.11 1 0
github.com/enrayga/omc-o2ims/internal/service/omc_rest/omc_rest_mock.go:66.11,71.3 2 0
github.com/enrayga/omc-o2ims/internal/service/omc_rest/omc_rest_mock.go:71.8,76.3 2 0
github.com/enrayga/omc-o2ims/internal/service/omc_rest/omc_rest_mock.go:83.12,88.2 4 0
github.com/enrayga/omc-o2ims/internal/service/omc_rest/omc_rest_mock.go:91.9,93.26 1 0
github.com/enrayga/omc-o2ims/internal/service/omc_rest/omc_rest_mock.go:93.26,94.49 1 0
github.com/enrayga/omc-o2ims/internal/service/omc_rest/omc_rest_mock.go:94.49,97.4 2 0
github.com/enrayga/omc-o2ims/internal/service/omc_rest/omc_rest_mock.go:98.3,98.25 1 0
github.com/enrayga/omc-o2ims/internal/service/omc_rest/omc_rest_mock.go:98.25,100.4 1 0
github.com/enrayga/omc-o2ims/internal/service/omc_rest/omc_rest_mock.go:103.2,104.35 2 0
github.com/enrayga/omc-o2ims/internal/service/omc_rest/omc_rest_mock.go:104.35,106.30 2 0
github.com/enrayga/omc-o2ims/internal/service/omc_rest/omc_rest_mock.go:106.30,111.4 4 0
github.com/enrayga/omc-o2ims/internal/service/omc_rest/omc_rest_mock.go:113.2,113.53 1 0
github.com/enrayga/omc-o2ims/internal/service/omc_rest/omc_rest_mock.go:119.32,120.39 1 0
github.com/enrayga/omc-o2ims/internal/service/omc_rest/omc_rest_mock.go:120.39,121.32 1 0
github.com/enrayga/omc-o2ims/internal/service/omc_rest/omc_rest_mock.go:121.32,122.20 1 0
github.com/enrayga/omc-o2ims/internal/service/omc_rest/omc_rest_mock.go:122.20,124.5 1 0
github.com/enrayga/omc-o2ims/internal/service/omc_rest/omc_rest_mock.go:131.35,133.16 2 0
github.com/enrayga/omc-o2ims/internal/service/omc_rest/omc_rest_mock.go:133.16,135.3 1 0
github.com/enrayga/omc-o2ims/internal/service/omc_rest/omc_rest_mock.go:137.2,137.29 1 0
github.com/enrayga/omc-o2ims/internal/service/omc_rest/omc_rest_mock.go:137.29,138.49 1 0
github.com/enrayga/omc-o2ims/internal/service/omc_rest/omc_rest_mock.go:138.49,141.4 2 0
github.com/enrayga/omc-o2ims/internal/service/omc_rest/omc_rest_mock.go:142.3,142.25 1 0
github.com/enrayga/omc-o2ims/internal/service/omc_rest/omc_rest_mock.go:142.25,144.4 1 0
github.com/enrayga/omc-o2ims/internal/service/omc_rest/omc_rest_mock.go:147.2,147.39 1 0
github.com/enrayga/omc-o2ims/internal/service/omc_rest/omc_rest_mock.go:147.39,148.41 1 0
github.com/enrayga/omc-o2ims/internal/service/omc_rest/omc_rest_mock.go:148.41,153.4 1 0
github.com/enrayga/omc-o2ims/internal/service/omc_rest/omc_rest_mock.go:157.2,183.12 6 0
github.com/enrayga/omc-o2ims/internal/service/omc_rest/omc_rest_mock.go:187.33,190.39 2 0
github.com/enrayga/omc-o2ims/internal/service/omc_rest/omc_rest_mock.go:190.39,191.32 1 0
github.com/enrayga/omc-o2ims/internal/service/omc_rest/omc_rest_mock.go:191.32,193.17 2 0
github.com/enrayga/omc-o2ims/internal/service/omc_rest/omc_rest_mock.go:193.17,194.42 1 0
github.com/enrayga/omc-o2ims/internal/service/omc_rest/omc_rest_mock.go:194.42,195.22 1 0
github.com/enrayga/omc-o2ims/internal/service/omc_rest/omc_rest_mock.go:195.22,197.7 1 0
github.com/enrayga/omc-o2ims/internal/service/omc_rest/omc_rest_mock.go:200.4,200.17 1 0
github.com/enrayga/omc-o2ims/internal/service/omc_rest/omc_rest_mock.go:200.17,202.5 1 0
github.com/enrayga/omc-o2ims/internal/service/omc_rest/omc_rest_mock.go:204.4,204.21 1 0
github.com/enrayga/omc-o2ims/internal/service/omc_rest/omc_rest_mock.go:207.2,207.52 1 0
github.com/enrayga/omc-o2ims/internal/service/omc_rest/omc_rest_mock.go:213.33,217.70 2 0
github.com/enrayga/omc-o2ims/internal/service/omc_rest/omc_rest_mock.go:217.70,219.3 1 0
github.com/enrayga/omc-o2ims/internal/service/omc_rest/omc_rest_mock.go:221.2,221.38 1 0
github.com/enrayga/omc-o2ims/internal/service/omc_rest/omc_rest_mock.go:221.38,223.30 2 0
github.com/enrayga/omc-o2ims/internal/service/omc_rest/omc_rest_mock.go:223.30,226.16 2 0
github.com/enrayga/omc-o2ims/internal/service/omc_rest/omc_rest_mock.go:226.16,227.23 1 0
github.com/enrayga/omc-o2ims/internal/service/omc_rest/omc_rest_mock.go:227.23,229.6 1 0
github.com/enrayga/omc-o2ims/internal/service/omc_rest/omc_rest_mock.go:229.11,229.32 1 0
github.com/enrayga/omc-o2ims/internal/service/omc_rest/omc_rest_mock.go:229.32,231.6 1 0
github.com/enrayga/omc-o2ims/internal/service/omc_rest/omc_rest_mock.go:231.11,231.30 1 0
github.com/enrayga/omc-o2ims/internal/service/omc_rest/omc_rest_mock.go:231.30,233.6 1 0
github.com/enrayga/omc-o2ims/internal/service/omc_rest/omc_rest_mock.go:236.4,236.19 1 0
github.com/enrayga/omc-o2ims/internal/service/omc_rest/omc_rest_mock.go:236.19,238.5 1 0
github.com/enrayga/omc-o2ims/internal/service/omc_rest/omc_rest_mock.go:239.4,239.30 1 0
github.com/enrayga/omc-o2ims/internal/service/omc_rest/omc_rest_mock.go:239.30,241.5 1 0
github.com/enrayga/omc-o2ims/internal/service/omc_rest/omc_rest_mock.go:242.4,243.14 2 0
github.com/enrayga/omc-o2ims/internal/service/omc_rest/omc_rest_mock.go:246.2,246.48 1 0
github.com/enrayga/omc-o2ims/internal/service/omc_rest/omc_rest_mock.go:249.106,277.2 3 0
github.com/enrayga/omc-o2ims/internal/service/omc_rest/omc_rest_mock.go:282.30,289.2 2 0
github.com/enrayga/omc-o2ims/internal/service/omc_rest/omc_rest_mock.go:294.30,302.2 2 0
github.com/enrayga/omc-o2ims/internal/service/omc_rest/omc_rest_mock.go:309.21,311.2 1 0
github.com/enrayga/omc-o2ims/internal/service/omc_rest/omc_rest_mock.go:314.87,331.2 3 0
github.com/enrayga/omc-o2ims/internal/service/omc_rest/omc_rest_mock.go:336.30,337.63 1 0
github.com/enrayga/omc-o2ims/internal/service/omc_rest/omc_rest_mock.go:337.63,342.3 2 0
github.com/enrayga/omc-o2ims/internal/service/omc_rest/omc_rest_mock.go:344.2,348.22 2 0
github.com/enrayga/omc-o2ims/internal/service/omc_rest/omc_rest_mock.go:356.30,357.63 1 0
github.com/enrayga/omc-o2ims/internal/service/omc_rest/omc_rest_mock.go:357.63,362.3 2 0
github.com/enrayga/omc-o2ims/internal/service/omc_rest/omc_rest_mock.go:363.2,366.22 2 0
github.com/enrayga/omc-o2ims/internal/service/omc_rest/omc_rest_mock.go:373.9,389.2 2 0
github.com/enrayga/omc-o2ims/internal/service/omc_rest/omc_rest_mock.go:391.81,440.2 2 0
github.com/enrayga/omc-o2ims/internal/service/omc_rest/omc_rest_mock.go:444.61,447.16 2 0
github.com/enrayga/omc-o2ims/internal/service/omc_rest/omc_rest_mock.go:447.16,449.3 1 0
github.com/enrayga/omc-o2ims/internal/service/omc_rest/omc_rest_mock.go:450.2,460.67 6 0
github.com/enrayga/omc-o2ims/internal/service/omc_rest/omc_rest_mock.go:460.67,462.3 1 0
github.com/enrayga/omc-o2ims/internal/service/omc_rest/omc_rest_mock.go:463.2,472.9 4 0
github.com/enrayga/omc-o2ims/internal/service/omc_rest/omc_rest_mock.go:472.9,474.3 1 0
github.com/enrayga/omc-o2ims/internal/service/omc_rest/omc_rest_mock.go:475.2,479.18 3 0
github.com/enrayga/omc-o2ims/internal/service/omc_rest/omc_rest_mock.go:484.48,486.33 1 0
github.com/enrayga/omc-o2ims/internal/service/omc_rest/omc_rest_mock.go:486.33,487.29 1 0
github.com/enrayga/omc-o2ims/internal/service/omc_rest/omc_rest_mock.go:487.29,489.18 2 0
github.com/enrayga/omc-o2ims/internal/service/omc_rest/omc_rest_mock.go:489.18,491.5 1 0
github.com/enrayga/omc-o2ims/internal/service/omc_rest/omc_rest_mock.go:494.4,496.11 3 0
github.com/enrayga/omc-o2ims/internal/service/omc_rest/omc_rest_mock.go:496.11,498.5 1 0
github.com/enrayga/omc-o2ims/internal/service/omc_rest/omc_rest_mock.go:499.4,499.22 1 0
github.com/enrayga/omc-o2ims/internal/service/omc_rest/omc_rest_mock.go:499.22,500.52 1 0
github.com/enrayga/omc-o2ims/internal/service/omc_rest/omc_rest_mock.go:500.52,502.6 1 0
github.com/enrayga/omc-o2ims/internal/service/omc_rest/omc_rest_mock.go:503.10,503.31 1 0
github.com/enrayga/omc-o2ims/internal/service/omc_rest/omc_rest_mock.go:503.31,504.54 1 0
github.com/enrayga/omc-o2ims/internal/service/omc_rest/omc_rest_mock.go:504.54,506.6 1 0
github.com/enrayga/omc-o2ims/internal/service/omc_rest/omc_rest_mock.go:507.10,507.29 1 0
github.com/enrayga/omc-o2ims/internal/service/omc_rest/omc_rest_mock.go:507.29,508.52 1 0
github.com/enrayga/omc-o2ims/internal/service/omc_rest/omc_rest_mock.go:508.52,510.6 1 0
github.com/enrayga/omc-o2ims/internal/service/omc_rest/omc_rest_mock.go:512.4,512.18 1 0
github.com/enrayga/omc-o2ims/internal/service/omc_rest/omc_rest_mock.go:516.2,516.69 1 0
github.com/enrayga/omc-o2ims/internal/service/omc_rest/omc_rest_mock.go:520.22,535.25 2 0
github.com/enrayga/omc-o2ims/internal/service/omc_rest/omc_rest_mock.go:535.25,537.3 1 0
github.com/enrayga/omc-o2ims/internal/service/omc_rest/omc_rest_mock.go:539.2,541.33 2 0
github.com/enrayga/omc-o2ims/internal/service/omc_rest/omc_rest_mock.go:541.33,542.29 1 0
github.com/enrayga/omc-o2ims/internal/service/omc_rest/omc_rest_mock.go:542.29,546.4 3 0
github.com/enrayga/omc-o2ims/internal/service/omc_rest/omc_rest_mock.go:549.2,550.47 1 0
github.com/enrayga/omc-o2ims/internal/service/omc_rest/omc_rest_mock.go:557.9,559.2 1 0
github.com/enrayga/omc-o2ims/internal/service/omc_rest/omc_rest_mock.go:564.65,572.2 2 0
github.com/enrayga/omc-o2ims/internal/service/omc_rest/omc_rest_v1.go:92.112,107.2 1 1
github.com/enrayga/omc-o2ims/internal/service/omc_rest/omc_rest_v1.go:109.55,118.16 4 0
github.com/enrayga/omc-o2ims/internal/service/omc_rest/omc_rest_v1.go:118.16,120.3 1 0
github.com/enrayga/omc-o2ims/internal/service/omc_rest/omc_rest_v1.go:121.2,124.16 3 0
github.com/enrayga/omc-o2ims/internal/service/omc_rest/omc_rest_v1.go:124.16,126.3 1 0
github.com/enrayga/omc-o2ims/internal/service/omc_rest/omc_rest_v1.go:127.2,129.38 2 0
github.com/enrayga/omc-o2ims/internal/service/omc_rest/omc_rest_v1.go:129.38,131.3 1 0
github.com/enrayga/omc-o2ims/internal/service/omc_rest/omc_rest_v1.go:133.2,134.67 2 0
github.com/enrayga/omc-o2ims/internal/service/omc_rest/omc_rest_v1.go:134.67,136.3 1 0
github.com/enrayga/omc-o2ims/internal/service/omc_rest/omc_rest_v1.go:138.2,138.54 1 0
github.com/enrayga/omc-o2ims/internal/service/omc_rest/omc_rest_v1.go:138.54,144.3 4 0
github.com/enrayga/omc-o2ims/internal/service/omc_rest/omc_rest_v1.go:145.2,145.57 1 0
github.com/enrayga/omc-o2ims/internal/service/omc_rest/omc_rest_v1.go:148.85,151.58 1 0
github.com/enrayga/omc-o2ims/internal/service/omc_rest/omc_rest_v1.go:151.58,152.44 1 0
github.com/enrayga/omc-o2ims/internal/service/omc_rest/omc_rest_v1.go:152.44,154.4 1 0
github.com/enrayga/omc-o2ims/internal/service/omc_rest/omc_rest_v1.go:157.2,160.16 3 0
github.com/enrayga/omc-o2ims/internal/service/omc_rest/omc_rest_v1.go:160.16,162.3 1 0
github.com/enrayga/omc-o2ims/internal/service/omc_rest/omc_rest_v1.go:164.2,166.16 3 0
github.com/enrayga/omc-o2ims/internal/service/omc_rest/omc_rest_v1.go:166.16,168.3 1 0
github.com/enrayga/omc-o2ims/internal/service/omc_rest/omc_rest_v1.go:169.2,171.38 2 0
github.com/enrayga/omc-o2ims/internal/service/omc_rest/omc_rest_v1.go:171.38,173.68 2 0
github.com/enrayga/omc-o2ims/internal/service/omc_rest/omc_rest_v1.go:173.68,175.4 1 0
github.com/enrayga/omc-o2ims/internal/service/omc_rest/omc_rest_v1.go:176.3,177.10 2 0
github.com/enrayga/omc-o2ims/internal/service/omc_rest/omc_rest_v1.go:177.10,179.4 1 0
github.com/enrayga/omc-o2ims/internal/service/omc_rest/omc_rest_v1.go:180.3,180.114 1 0
github.com/enrayga/omc-o2ims/internal/service/omc_rest/omc_rest_v1.go:183.2,184.67 2 0
github.com/enrayga/omc-o2ims/internal/service/omc_rest/omc_rest_v1.go:184.67,186.3 1 0
github.com/enrayga/omc-o2ims/internal/service/omc_rest/omc_rest_v1.go:187.2,187.20 1 0
github.com/enrayga/omc-o2ims/internal/service/omc_rest/omc_rest_v1.go:190.83,192.58 1 0
github.com/enrayga/omc-o2ims/internal/service/omc_rest/omc_rest_v1.go:192.58,193.44 1 0
github.com/enrayga/omc-o2ims/internal/service/omc_rest/omc_rest_v1.go:193.44,195.4 1 0
github.com/enrayga/omc-o2ims/internal/service/omc_rest/omc_rest_v1.go:199.2,201.16 3 0
github.com/enrayga/omc-o2ims/internal/service/omc_rest/omc_rest_v1.go:201.16,203.3 1 0
github.com/enrayga/omc-o2ims/internal/service/omc_rest/omc_rest_v1.go:205.2,207.16 3 0
github.com/enrayga/omc-o2ims/internal/service/omc_rest/omc_rest_v1.go:207.16,209.3 1 0
github.com/enrayga/omc-o2ims/internal/service/omc_rest/omc_rest_v1.go:210.2,213.38 2 0
github.com/enrayga/omc-o2ims/internal/service/omc_rest/omc_rest_v1.go:213.38,215.3 1 0
github.com/enrayga/omc-o2ims/internal/service/omc_rest/omc_rest_v1.go:217.2,217.17 1 0
github.com/enrayga/omc-o2ims/internal/service/omc_rest/omc_rest_v1.go:220.74,223.58 1 0
github.com/enrayga/omc-o2ims/internal/service/omc_rest/omc_rest_v1.go:223.58,224.44 1 0
github.com/enrayga/omc-o2ims/internal/service/omc_rest/omc_rest_v1.go:224.44,226.4 1 0
github.com/enrayga/omc-o2ims/internal/service/omc_rest/omc_rest_v1.go:228.2,230.16 3 0
github.com/enrayga/omc-o2ims/internal/service/omc_rest/omc_rest_v1.go:230.16,232.3 1 0
github.com/enrayga/omc-o2ims/internal/service/omc_rest/omc_rest_v1.go:233.2,233.16 1 0
github.com/enrayga/omc-o2ims/internal/service/omc_rest/omc_rest_v1.go:233.16,235.3 1 0
github.com/enrayga/omc-o2ims/internal/service/omc_rest/omc_rest_v1.go:236.2,239.16 4 0
github.com/enrayga/omc-o2ims/internal/service/omc_rest/omc_rest_v1.go:239.16,241.3 1 0
github.com/enrayga/omc-o2ims/internal/service/omc_rest/omc_rest_v1.go:243.2,247.16 4 0
github.com/enrayga/omc-o2ims/internal/service/omc_rest/omc_rest_v1.go:247.16,249.3 1 0
github.com/enrayga/omc-o2ims/internal/service/omc_rest/omc_rest_v1.go:250.2,252.43 2 0
github.com/enrayga/omc-o2ims/internal/service/omc_rest/omc_rest_v1.go:252.43,255.30 3 0
github.com/enrayga/omc-o2ims/internal/service/omc_rest/omc_rest_v1.go:255.30,256.70 1 0
github.com/enrayga/omc-o2ims/internal/service/omc_rest/omc_rest_v1.go:256.70,257.56 1 0
github.com/enrayga/omc-o2ims/internal/service/omc_rest/omc_rest_v1.go:257.56,259.6 1 0
github.com/enrayga/omc-o2ims/internal/service/omc_rest/omc_rest_v1.go:262.3,262.89 1 0
github.com/enrayga/omc-o2ims/internal/service/omc_rest/omc_rest_v1.go:264.2,264.12 1 0
github.com/enrayga/omc-o2ims/internal/service/omc_rest/omc_rest_v1.go:268.56,270.58 2 0
github.com/enrayga/omc-o2ims/internal/service/omc_rest/omc_rest_v1.go:270.58,271.43 1 0
github.com/enrayga/omc-o2ims/internal/service/omc_rest/omc_rest_v1.go:271.43,273.4 1 0
github.com/enrayga/omc-o2ims/internal/service/omc_rest/omc_rest_v1.go:276.2,276.18 1 0
github.com/enrayga/omc-o2ims/internal/service/omc_rest/omc_rest_v1.go:276.18,278.3 1 0
github.com/enrayga/omc-o2ims/internal/service/omc_rest/omc_rest_v1.go:279.2,281.9 3 0
github.com/enrayga/omc-o2ims/internal/service/omc_rest/omc_rest_v1.go:281.9,283.3 1 0
github.com/enrayga/omc-o2ims/internal/service/omc_rest/omc_rest_v1.go:284.2,285.9 2 0
github.com/enrayga/omc-o2ims/internal/service/omc_rest/omc_rest_v1.go:285.9,287.3 1 0
github.com/enrayga/omc-o2ims/internal/service/omc_rest/omc_rest_v1.go:288.2,289.9 2 0
github.com/enrayga/omc-o2ims/internal/service/omc_rest/omc_rest_v1.go:289.9,291.3 1 0
github.com/enrayga/omc-o2ims/internal/service/omc_rest/omc_rest_v1.go:293.2,300.16 7 0
github.com/enrayga/omc-o2ims/internal/service/omc_rest/omc_rest_v1.go:300.16,302.3 1 0
github.com/enrayga/omc-o2ims/internal/service/omc_rest/omc_rest_v1.go:303.2,306.16 4 0
github.com/enrayga/omc-o2ims/internal/service/omc_rest/omc_rest_v1.go:306.16,308.3 1 0
github.com/enrayga/omc-o2ims/internal/service/omc_rest/omc_rest_v1.go:309.2,313.69 4 0
github.com/enrayga/omc-o2ims/internal/service/omc_rest/omc_rest_v1.go:313.69,315.3 1 0
github.com/enrayga/omc-o2ims/internal/service/omc_rest/omc_rest_v1.go:319.2,319.80 1 0
github.com/enrayga/omc-o2ims/internal/service/omc_rest/omc_rest_v1.go:319.80,321.3 1 0
github.com/enrayga/omc-o2ims/internal/service/omc_rest/omc_rest_v1.go:323.2,323.17 1 0
github.com/enrayga/omc-o2ims/internal/service/omc_rest/omc_rest_v1.go:326.105,328.58 2 0
github.com/enrayga/omc-o2ims/internal/service/omc_rest/omc_rest_v1.go:328.58,329.43 1 0
github.com/enrayga/omc-o2ims/internal/service/omc_rest/omc_rest_v1.go:329.43,331.4 1 0
github.com/enrayga/omc-o2ims/internal/service/omc_rest/omc_rest_v1.go:333.2,333.41 1 0
github.com/enrayga/omc-o2ims/internal/service/omc_rest/omc_rest_v1.go:333.41,335.19 2 0
github.com/enrayga/omc-o2ims/internal/service/omc_rest/omc_rest_v1.go:335.19,337.4 1 0
github.com/enrayga/omc-o2ims/internal/service/omc_rest/omc_rest_v1.go:338.3,338.26 1 0
github.com/enrayga/omc-o2ims/internal/service/omc_rest/omc_rest_v1.go:338.26,340.4 1 0
github.com/enrayga/omc-o2ims/internal/service/omc_rest/omc_rest_v1.go:341.3,341.34 1 0
github.com/enrayga/omc-o2ims/internal/service/omc_rest/omc_rest_v1.go:343.2,345.16 3 0
github.com/enrayga/omc-o2ims/internal/service/omc_rest/omc_rest_v1.go:345.16,347.3 1 0
github.com/enrayga/omc-o2ims/internal/service/omc_rest/omc_rest_v1.go:348.2,350.16 3 0
github.com/enrayga/omc-o2ims/internal/service/omc_rest/omc_rest_v1.go:350.16,352.3 1 0
github.com/enrayga/omc-o2ims/internal/service/omc_rest/omc_rest_v1.go:353.2,354.38 2 0
github.com/enrayga/omc-o2ims/internal/service/omc_rest/omc_rest_v1.go:354.38,356.3 1 0
github.com/enrayga/omc-o2ims/internal/service/omc_rest/omc_rest_v1.go:357.2,357.17 1 0
github.com/enrayga/omc-o2ims/internal/service/omc_rest/omc_rest_v1.go:372.69,376.63 3 0
github.com/enrayga/omc-o2ims/internal/service/omc_rest/omc_rest_v1.go:376.63,378.3 1 0
github.com/enrayga/omc-o2ims/internal/service/omc_rest/omc_rest_v1.go:380.2,380.47 1 0
github.com/enrayga/omc-o2ims/internal/service/omc_rest/omc_rest_v1.go:380.47,382.57 2 0
github.com/enrayga/omc-o2ims/internal/service/omc_rest/omc_rest_v1.go:382.57,385.4 2 0
github.com/enrayga/omc-o2ims/internal/service/omc_rest/omc_rest_v1.go:387.2,387.12 1 0
github.com/enrayga/omc-o2ims/internal/service/omc_rest/omc_rest_v1.go:390.50,394.27 3 0
github.com/enrayga/omc-o2ims/internal/service/omc_rest/omc_rest_v1.go:394.27,398.17 2 0
github.com/enrayga/omc-o2ims/internal/service/omc_rest/omc_rest_v1.go:398.17,400.4 1 0
github.com/enrayga/omc-o2ims/internal/service/omc_rest/omc_rest_v1.go:402.3,402.32 1 0
github.com/enrayga/omc-o2ims/internal/service/omc_rest/omc_rest_v1.go:402.32,403.56 1 0
github.com/enrayga/omc-o2ims/internal/service/omc_rest/omc_rest_v1.go:403.56,405.5 1 0
github.com/enrayga/omc-o2ims/internal/service/omc_rest/omc_rest_v1.go:407.8,407.29 1 0
github.com/enrayga/omc-o2ims/internal/service/omc_rest/omc_rest_v1.go:407.29,412.38 2 0
github.com/enrayga/omc-o2ims/internal/service/omc_rest/omc_rest_v1.go:413.15,414.26 1 0
github.com/enrayga/omc-o2ims/internal/service/omc_rest/omc_rest_v1.go:415.11,418.18 3 0
github.com/enrayga/omc-o2ims/internal/service/omc_rest/omc_rest_v1.go:418.18,420.5 1 0
github.com/enrayga/omc-o2ims/internal/service/omc_rest/omc_rest_v1.go:423.3,424.17 2 0
github.com/enrayga/omc-o2ims/internal/service/omc_rest/omc_rest_v1.go:424.17,426.4 1 0
github.com/enrayga/omc-o2ims/internal/service/omc_rest/omc_rest_v1.go:428.2,428.12 1 0
github.com/enrayga/omc-o2ims/internal/service/omc_rest/omc_rest_v1.go:431.61,434.16 2 0
github.com/enrayga/omc-o2ims/internal/service/omc_rest/omc_rest_v1.go:434.16,436.3 1 0
github.com/enrayga/omc-o2ims/internal/service/omc_rest/omc_rest_v1.go:437.2,448.86 6 0
github.com/enrayga/omc-o2ims/internal/service/omc_rest/omc_rest_v1.go:448.86,449.17 1 0
github.com/enrayga/omc-o2ims/internal/service/omc_rest/omc_rest_v1.go:449.17,451.4 1 0
github.com/enrayga/omc-o2ims/internal/service/omc_rest/omc_rest_v1.go:454.3,455.17 2 0
github.com/enrayga/omc-o2ims/internal/service/omc_rest/omc_rest_v1.go:455.17,457.4 1 0
github.com/enrayga/omc-o2ims/internal/service/omc_rest/omc_rest_v1.go:460.3,460.21 1 0
github.com/enrayga/omc-o2ims/internal/service/omc_rest/omc_rest_v1.go:460.21,462.4 1 0
github.com/enrayga/omc-o2ims/internal/service/omc_rest/omc_rest_v1.go:465.3,466.17 2 0
github.com/enrayga/omc-o2ims/internal/service/omc_rest/omc_rest_v1.go:466.17,468.4 1 0
github.com/enrayga/omc-o2ims/internal/service/omc_rest/omc_rest_v1.go:471.3,474.55 2 0
github.com/enrayga/omc-o2ims/internal/service/omc_rest/omc_rest_v1.go:474.55,476.4 1 0
github.com/enrayga/omc-o2ims/internal/service/omc_rest/omc_rest_v1.go:479.3,479.20 1 0
github.com/enrayga/omc-o2ims/internal/service/omc_rest/omc_rest_v1.go:479.20,481.18 2 0
github.com/enrayga/omc-o2ims/internal/service/omc_rest/omc_rest_v1.go:481.18,483.5 1 0
github.com/enrayga/omc-o2ims/internal/service/omc_rest/omc_rest_v1.go:484.4,486.54 2 0
github.com/enrayga/omc-o2ims/internal/service/omc_rest/omc_rest_v1.go:486.54,488.5 1 0
github.com/enrayga/omc-o2ims/internal/service/omc_rest/omc_rest_v1.go:491.3,491.13 1 0
github.com/enrayga/omc-o2ims/internal/service/omc_rest/omc_rest_v1.go:494.2,494.16 1 0
github.com/enrayga/omc-o2ims/internal/service/omc_rest/omc_rest_v1.go:494.16,496.3 1 0
github.com/enrayga/omc-o2ims/internal/service/omc_rest/omc_rest_v1.go:498.2,498.12 1 0
github.com/enrayga/omc-o2ims/internal/service/omc_rest/omc_rest_v1.go:504.28,506.41 1 0
github.com/enrayga/omc-o2ims/internal/service/omc_rest/omc_rest_v1.go:506.41,508.19 2 0
github.com/enrayga/omc-o2ims/internal/service/omc_rest/omc_rest_v1.go:508.19,510.4 1 0
github.com/enrayga/omc-o2ims/internal/service/omc_rest/omc_rest_v1.go:511.3,511.26 1 0
github.com/enrayga/omc-o2ims/internal/service/omc_rest/omc_rest_v1.go:511.26,513.4 1 0
github.com/enrayga/omc-o2ims/internal/service/omc_rest/omc_rest_v1.go:514.3,514.29 1 0
github.com/enrayga/omc-o2ims/internal/service/omc_rest/omc_rest_v1.go:517.2,521.44 3 0
github.com/enrayga/omc-o2ims/internal/service/omc_rest/omc_rest_v1.go:521.44,523.47 1 0
github.com/enrayga/omc-o2ims/internal/service/omc_rest/omc_rest_v1.go:523.47,525.4 1 0
github.com/enrayga/omc-o2ims/internal/service/omc_rest/omc_rest_v1.go:527.2,527.47 1 0
github.com/enrayga/omc-o2ims/internal/service/omc_rest/omc_rest_v1.go:527.47,528.47 1 0
github.com/enrayga/omc-o2ims/internal/service/omc_rest/omc_rest_v1.go:528.47,530.4 1 0
github.com/enrayga/omc-o2ims/internal/service/omc_rest/omc_rest_v1.go:534.2,535.16 2 0
github.com/enrayga/omc-o2ims/internal/service/omc_rest/omc_rest_v1.go:535.16,537.3 1 0
github.com/enrayga/omc-o2ims/internal/service/omc_rest/omc_rest_v1.go:538.2,538.15 1 0
github.com/enrayga/omc-o2ims/internal/service/omc_rest/omc_rest_v1.go:538.15,539.47 1 0
github.com/enrayga/omc-o2ims/internal/service/omc_rest/omc_rest_v1.go:539.47,541.4 1 0
github.com/enrayga/omc-o2ims/internal/service/omc_rest/omc_rest_v1.go:542.3,542.47 1 0
github.com/enrayga/omc-o2ims/internal/service/omc_rest/omc_rest_v1.go:542.47,544.4 1 0
github.com/enrayga/omc-o2ims/internal/service/omc_rest/omc_rest_v1.go:547.2,548.16 2 0
github.com/enrayga/omc-o2ims/internal/service/omc_rest/omc_rest_v1.go:548.16,550.3 1 0
github.com/enrayga/omc-o2ims/internal/service/omc_rest/omc_rest_v1.go:551.2,552.16 2 0
github.com/enrayga/omc-o2ims/internal/service/omc_rest/omc_rest_v1.go:552.16,554.3 1 0
github.com/enrayga/omc-o2ims/internal/service/omc_rest/omc_rest_v1.go:557.2,557.58 1 0
github.com/enrayga/omc-o2ims/internal/service/omc_rest/omc_rest_v1.go:557.58,558.44 1 0
github.com/enrayga/omc-o2ims/internal/service/omc_rest/omc_rest_v1.go:558.44,560.4 1 0
github.com/enrayga/omc-o2ims/internal/service/omc_rest/omc_rest_v1.go:563.2,566.16 3 0
github.com/enrayga/omc-o2ims/internal/service/omc_rest/omc_rest_v1.go:566.16,568.3 1 0
github.com/enrayga/omc-o2ims/internal/service/omc_rest/omc_rest_v1.go:570.2,588.16 15 0
github.com/enrayga/omc-o2ims/internal/service/omc_rest/omc_rest_v1.go:588.16,590.3 1 0
github.com/enrayga/omc-o2ims/internal/service/omc_rest/omc_rest_v1.go:591.2,592.16 2 0
github.com/enrayga/omc-o2ims/internal/service/omc_rest/omc_rest_v1.go:592.16,594.3 1 0
github.com/enrayga/omc-o2ims/internal/service/omc_rest/omc_rest_v1.go:595.2,597.16 3 0
github.com/enrayga/omc-o2ims/internal/service/omc_rest/omc_rest_v1.go:597.16,599.3 1 0
github.com/enrayga/omc-o2ims/internal/service/omc_rest/omc_rest_v1.go:601.2,602.16 2 0
github.com/enrayga/omc-o2ims/internal/service/omc_rest/omc_rest_v1.go:602.16,604.3 1 0
github.com/enrayga/omc-o2ims/internal/service/omc_rest/omc_rest_v1.go:606.2,613.16 6 0
github.com/enrayga/omc-o2ims/internal/service/omc_rest/omc_rest_v1.go:613.16,616.3 2 0
github.com/enrayga/omc-o2ims/internal/service/omc_rest/omc_rest_v1.go:617.2,619.38 2 0
github.com/enrayga/omc-o2ims/internal/service/omc_rest/omc_rest_v1.go:619.38,622.17 3 0
github.com/enrayga/omc-o2ims/internal/service/omc_rest/omc_rest_v1.go:622.17,624.4 1 0
github.com/enrayga/omc-o2ims/internal/service/omc_rest/omc_rest_v1.go:624.9,626.4 1 0
github.com/enrayga/omc-o2ims/internal/service/omc_rest/omc_rest_v1.go:628.3,630.70 3 0
github.com/enrayga/omc-o2ims/internal/service/omc_rest/omc_rest_v1.go:630.70,632.4 1 0
github.com/enrayga/omc-o2ims/internal/service/omc_rest/omc_rest_v1.go:633.3,633.20 1 0
github.com/enrayga/omc-o2ims/internal/service/omc_rest/omc_rest_v1.go:633.20,635.4 1 0
github.com/enrayga/omc-o2ims/internal/service/omc_rest/omc_rest_v1.go:636.3,637.67 2 0
github.com/enrayga/omc-o2ims/internal/service/omc_rest/omc_rest_v1.go:639.2,639.12 1 0
github.com/enrayga/omc-o2ims/internal/service/omc_rest/omc_rest_v1.go:642.87,647.2 3 0
github.com/enrayga/omc-o2ims/internal/service/omc_rest/omc_rest_v1.go:649.123,653.2 3 0
github.com/enrayga/omc-o2ims/internal/service/omc_rest/omc_rest_v1.go:655.154,659.2 3 0
github.com/enrayga/omc-o2ims/internal/service/omc_rest/omc_rest_v1.go:670.65,672.77 1 0
github.com/enrayga/omc-o2ims/internal/service/omc_rest/omc_rest_v1.go:672.77,674.3 1 0
github.com/enrayga/omc-o2ims/internal/service/omc_rest/omc_rest_v1.go:677.2,677.19 1 0
github.com/enrayga/omc-o2ims/internal/service/omc_rest/omc_rest_v1.go:677.19,679.3 1 0
github.com/enrayga/omc-o2ims/internal/service/omc_rest/omc_rest_v1.go:681.2,682.34 2 0
github.com/enrayga/omc-o2ims/internal/service/omc_rest/omc_rest_v1.go:682.34,684.3 1 0
github.com/enrayga/omc-o2ims/internal/service/omc_rest/omc_rest_v1.go:686.2,687.34 2 0
github.com/enrayga/omc-o2ims/internal/service/omc_rest/omc_rest_v1.go:687.34,689.3 1 0
github.com/enrayga/omc-o2ims/internal/service/omc_rest/omc_rest_v1.go:691.2,697.35 2 0
github.com/enrayga/omc-o2ims/internal/service/omc_rest/omc_rest_v1.go:697.35,698.40 1 0
github.com/enrayga/omc-o2ims/internal/service/omc_rest/omc_rest_v1.go:698.40,700.4 1 0
github.com/enrayga/omc-o2ims/internal/service/omc_rest/omc_rest_v1.go:701.3,701.68 1 0
github.com/enrayga/omc-o2ims/internal/service/omc_rest/omc_rest_v1.go:701.68,703.4 1 0
github.com/enrayga/omc-o2ims/internal/service/omc_rest/omc_rest_v1.go:705.2,706.22 2 0
github.com/enrayga/omc-o2ims/internal/service/omc_rest/omc_rest_v1.go:722.9,723.77 1 0
github.com/enrayga/omc-o2ims/internal/service/omc_rest/omc_rest_v1.go:723.77,725.3 1 0
github.com/enrayga/omc-o2ims/internal/service/omc_rest/omc_rest_v1.go:727.2,729.34 2 0
github.com/enrayga/omc-o2ims/internal/service/omc_rest/omc_rest_v1.go:729.34,732.3 2 0
github.com/enrayga/omc-o2ims/internal/service/omc_rest/omc_rest_v1.go:734.2,735.33 2 0
github.com/enrayga/omc-o2ims/internal/service/omc_rest/omc_rest_v1.go:735.33,738.3 2 0
github.com/enrayga/omc-o2ims/internal/service/omc_rest/omc_rest_v1.go:740.2,743.45 3 0
github.com/enrayga/omc-o2ims/internal/service/omc_rest/omc_rest_v1.go:743.45,746.3 2 0
github.com/enrayga/omc-o2ims/internal/service/omc_rest/omc_rest_v1.go:748.2,751.27 3 0
github.com/enrayga/omc-o2ims/internal/service/omc_rest/omc_rest_v1.go:751.27,754.3 2 0
github.com/enrayga/omc-o2ims/internal/service/omc_rest/omc_rest_v1.go:755.2,758.21 3 0
github.com/enrayga/omc-o2ims/internal/service/omc_rest/omc_rest_v1.go:758.21,761.3 2 0
github.com/enrayga/omc-o2ims/internal/service/omc_rest/omc_rest_v1.go:763.2,770.32 4 0
github.com/enrayga/omc-o2ims/internal/service/omc_rest/omc_rest_v1.go:770.32,772.3 1 0
github.com/enrayga/omc-o2ims/internal/service/omc_rest/omc_rest_v1.go:774.2,812.26 3 0
github.com/enrayga/omc-o2ims/internal/service/omc_rest/omc_rest_v1.go:815.77,818.2 2 0
github.com/enrayga/omc-o2ims/internal/service/omc_rest/omc_rest_v1.go:820.83,824.2 2 0
github.com/enrayga/omc-o2ims/internal/service/omc_rest/omc_rest_v1.go:826.104,828.22 2 0
github.com/enrayga/omc-o2ims/internal/service/omc_rest/omc_rest_v1.go:828.22,830.3 1 0
github.com/enrayga/omc-o2ims/internal/service/omc_rest/omc_rest_v1.go:831.2,831.12 1 0
github.com/enrayga/omc-o2ims/internal/service/omc_rest/omc_rest_v1.go:835.94,841.2 3 0
github.com/enrayga/omc-o2ims/internal/service/omc_rest/omc_rest_v1.go:843.81,847.2 3 0
github.com/enrayga/omc-o2ims/internal/service/omc_rest/omc_rest_v1.go:849.102,861.97 2 0
github.com/enrayga/omc-o2ims/internal/service/omc_rest/omc_rest_v1.go:861.97,863.3 1 0
github.com/enrayga/omc-o2ims/internal/service/omc_rest/omc_rest_v1.go:879.2,879.48 1 0
github.com/enrayga/omc-o2ims/internal/service/omc_rest/omc_rest_v1.go:879.48,881.3 1 0
github.com/enrayga/omc-o2ims/internal/service/omc_rest/omc_rest_v1.go:883.2,883.47 1 0
github.com/enrayga/omc-o2ims/internal/service/omc_rest/omc_rest_v1.go:883.47,885.3 1 0
github.com/enrayga/omc-o2ims/internal/service/omc_rest/omc_rest_v1.go:900.2,900.58 1 0
github.com/enrayga/omc-o2ims/internal/service/omc_rest/omc_rest_v1.go:900.58,901.44 1 0
github.com/enrayga/omc-o2ims/internal/service/omc_rest/omc_rest_v1.go:901.44,903.4 1 0
github.com/enrayga/omc-o2ims/internal/service/omc_rest/omc_rest_v1.go:911.2,917.16 6 0
github.com/enrayga/omc-o2ims/internal/service/omc_rest/omc_rest_v1.go:917.16,919.3 1 0
github.com/enrayga/omc-o2ims/internal/service/omc_rest/omc_rest_v1.go:920.2,920.16 1 0
github.com/enrayga/omc-o2ims/internal/service/omc_rest/omc_rest_v1.go:920.16,922.3 1 0
github.com/enrayga/omc-o2ims/internal/service/omc_rest/omc_rest_v1.go:923.2,925.16 3 0
github.com/enrayga/omc-o2ims/internal/service/omc_rest/omc_rest_v1.go:925.16,927.3 1 0
github.com/enrayga/omc-o2ims/internal/service/omc_rest/omc_rest_v1.go:929.2,933.16 4 0
github.com/enrayga/omc-o2ims/internal/service/omc_rest/omc_rest_v1.go:933.16,935.3 1 0
github.com/enrayga/omc-o2ims/internal/service/omc_rest/omc_rest_v1.go:936.2,938.43 2 0
github.com/enrayga/omc-o2ims/internal/service/omc_rest/omc_rest_v1.go:938.43,942.30 3 0
github.com/enrayga/omc-o2ims/internal/service/omc_rest/omc_rest_v1.go:942.30,943.70 1 0
github.com/enrayga/omc-o2ims/internal/service/omc_rest/omc_rest_v1.go:943.70,944.56 1 0
github.com/enrayga/omc-o2ims/internal/service/omc_rest/omc_rest_v1.go:944.56,946.6 1 0
github.com/enrayga/omc-o2ims/internal/service/omc_rest/omc_rest_v1.go:949.3,949.95 1 0
github.com/enrayga/omc-o2ims/internal/service/omc_rest/omc_rest_v1.go:951.2,951.22 1 0
github.com/enrayga/omc-o2ims/internal/service/omc_rest/omc_rest_v1.go:954.90,957.2 2 0
github.com/enrayga/omc-o2ims/internal/service/omc_rest/omc_rest_v1.go:959.100,961.22 2 0
github.com/enrayga/omc-o2ims/internal/service/omc_rest/omc_rest_v1.go:961.22,963.3 1 0
github.com/enrayga/omc-o2ims/internal/service/omc_rest/omc_rest_v1.go:965.2,965.12 1 0
github.com/enrayga/omc-o2ims/internal/service/omc_rest/omc_rest_v1.go:968.85,970.22 2 0
github.com/enrayga/omc-o2ims/internal/service/omc_rest/omc_rest_v1.go:970.22,972.3 1 0
github.com/enrayga/omc-o2ims/internal/service/omc_rest/omc_rest_v1.go:973.2,973.12 1 0
